<?xml version="1.0" encoding="UTF-8"?>
<!-- Generated by org.testng.reporters.JUnitXMLReporter -->
<testsuite hostname="NadinPC" name="Default test" tests="12" failures="0" timestamp="5 Feb 2017 08:57:16 GMT" time="0.538" errors="0">
  <testcase name="addNewsTest" time="0.09" classname="com.epam.catalog.dao.DiskDAOTest"/>
  <testcase name="findAllTest" time="0.007" classname="com.epam.catalog.dao.DiskDAOTest"/>
  <testcase name="findByAuthorNegativeTest" time="0.058" classname="com.epam.catalog.dao.DiskDAOTest"/>
  <testcase name="findByAuthorTest" time="0.008" classname="com.epam.catalog.dao.DiskDAOTest"/>
  <testcase name="findByGenreNegativeTest" time="0.006" classname="com.epam.catalog.dao.DiskDAOTest"/>
  <testcase name="findByGenreTest" time="0.005" classname="com.epam.catalog.dao.DiskDAOTest"/>
  <testcase name="findByTextNegativeTest" time="0.005" classname="com.epam.catalog.dao.DiskDAOTest"/>
  <testcase name="findByTextTest" time="0.004" classname="com.epam.catalog.dao.DiskDAOTest"/>
  <testcase name="findByTitleNegativeTest" time="0.004" classname="com.epam.catalog.dao.DiskDAOTest"/>
  <testcase name="findByTitleTest" time="0.005" classname="com.epam.catalog.dao.DiskDAOTest"/>
  <testcase name="findByYearNegativeTest" time="0.005" classname="com.epam.catalog.dao.DiskDAOTest"/>
  <testcase name="findByYearTest" time="0.005" classname="com.epam.catalog.dao.DiskDAOTest"/>
</testsuite> <!-- Default test -->
