<?xml version="1.0" encoding="UTF-8"?>
<testng-results skipped="0" failed="0" total="12" passed="12">
  <reporter-output>
  </reporter-output>
  <suite name="Default suite" duration-ms="538" started-at="2017-02-05T08:57:15Z" finished-at="2017-02-05T08:57:16Z">
    <groups>
    </groups>
    <test name="Default test" duration-ms="538" started-at="2017-02-05T08:57:15Z" finished-at="2017-02-05T08:57:16Z">
      <class name="com.epam.catalog.dao.DiskDAOTest">
        <test-method status="PASS" signature="beforeClass()[pri:0, instance:com.epam.catalog.dao.DiskDAOTest@56f4468b]" name="beforeClass" is-config="true" duration-ms="254" started-at="2017-02-05T10:57:15Z" finished-at="2017-02-05T10:57:15Z">
          <reporter-output>
          </reporter-output>
        </test-method> <!-- beforeClass -->
        <test-method status="PASS" signature="beforeMethod()[pri:0, instance:com.epam.catalog.dao.DiskDAOTest@56f4468b]" name="beforeMethod" is-config="true" duration-ms="1" started-at="2017-02-05T10:57:15Z" finished-at="2017-02-05T10:57:15Z">
          <reporter-output>
          </reporter-output>
        </test-method> <!-- beforeMethod -->
        <test-method status="PASS" signature="addNewsTest()[pri:0, instance:com.epam.catalog.dao.DiskDAOTest@56f4468b]" name="addNewsTest" duration-ms="90" started-at="2017-02-05T10:57:15Z" finished-at="2017-02-05T10:57:15Z">
          <reporter-output>
          </reporter-output>
        </test-method> <!-- addNewsTest -->
        <test-method status="PASS" signature="findAllTest()[pri:0, instance:com.epam.catalog.dao.DiskDAOTest@56f4468b]" name="findAllTest" duration-ms="7" started-at="2017-02-05T10:57:15Z" finished-at="2017-02-05T10:57:15Z">
          <reporter-output>
          </reporter-output>
        </test-method> <!-- findAllTest -->
        <test-method status="PASS" signature="afterMethod()[pri:0, instance:com.epam.catalog.dao.DiskDAOTest@56f4468b]" name="afterMethod" is-config="true" duration-ms="0" started-at="2017-02-05T10:57:15Z" finished-at="2017-02-05T10:57:15Z">
          <reporter-output>
          </reporter-output>
        </test-method> <!-- afterMethod -->
        <test-method status="PASS" signature="beforeMethod()[pri:0, instance:com.epam.catalog.dao.DiskDAOTest@56f4468b]" name="beforeMethod" is-config="true" duration-ms="0" started-at="2017-02-05T10:57:15Z" finished-at="2017-02-05T10:57:15Z">
          <reporter-output>
          </reporter-output>
        </test-method> <!-- beforeMethod -->
        <test-method status="PASS" signature="findByAuthorNegativeTest()[pri:0, instance:com.epam.catalog.dao.DiskDAOTest@56f4468b]" name="findByAuthorNegativeTest" duration-ms="58" started-at="2017-02-05T10:57:15Z" finished-at="2017-02-05T10:57:15Z">
          <reporter-output>
          </reporter-output>
        </test-method> <!-- findByAuthorNegativeTest -->
        <test-method status="PASS" signature="beforeMethod()[pri:0, instance:com.epam.catalog.dao.DiskDAOTest@56f4468b]" name="beforeMethod" is-config="true" duration-ms="0" started-at="2017-02-05T10:57:15Z" finished-at="2017-02-05T10:57:15Z">
          <reporter-output>
          </reporter-output>
        </test-method> <!-- beforeMethod -->
        <test-method status="PASS" signature="afterMethod()[pri:0, instance:com.epam.catalog.dao.DiskDAOTest@56f4468b]" name="afterMethod" is-config="true" duration-ms="0" started-at="2017-02-05T10:57:15Z" finished-at="2017-02-05T10:57:15Z">
          <reporter-output>
          </reporter-output>
        </test-method> <!-- afterMethod -->
        <test-method status="PASS" signature="afterMethod()[pri:0, instance:com.epam.catalog.dao.DiskDAOTest@56f4468b]" name="afterMethod" is-config="true" duration-ms="1" started-at="2017-02-05T10:57:15Z" finished-at="2017-02-05T10:57:15Z">
          <reporter-output>
          </reporter-output>
        </test-method> <!-- afterMethod -->
        <test-method status="PASS" signature="findByAuthorTest()[pri:0, instance:com.epam.catalog.dao.DiskDAOTest@56f4468b]" name="findByAuthorTest" duration-ms="8" started-at="2017-02-05T10:57:15Z" finished-at="2017-02-05T10:57:15Z">
          <reporter-output>
          </reporter-output>
        </test-method> <!-- findByAuthorTest -->
        <test-method status="PASS" signature="beforeMethod()[pri:0, instance:com.epam.catalog.dao.DiskDAOTest@56f4468b]" name="beforeMethod" is-config="true" duration-ms="0" started-at="2017-02-05T10:57:15Z" finished-at="2017-02-05T10:57:15Z">
          <reporter-output>
          </reporter-output>
        </test-method> <!-- beforeMethod -->
        <test-method status="PASS" signature="beforeMethod()[pri:0, instance:com.epam.catalog.dao.DiskDAOTest@56f4468b]" name="beforeMethod" is-config="true" duration-ms="0" started-at="2017-02-05T10:57:15Z" finished-at="2017-02-05T10:57:15Z">
          <reporter-output>
          </reporter-output>
        </test-method> <!-- beforeMethod -->
        <test-method status="PASS" signature="findByGenreNegativeTest()[pri:0, instance:com.epam.catalog.dao.DiskDAOTest@56f4468b]" name="findByGenreNegativeTest" duration-ms="6" started-at="2017-02-05T10:57:15Z" finished-at="2017-02-05T10:57:15Z">
          <reporter-output>
          </reporter-output>
        </test-method> <!-- findByGenreNegativeTest -->
        <test-method status="PASS" signature="afterMethod()[pri:0, instance:com.epam.catalog.dao.DiskDAOTest@56f4468b]" name="afterMethod" is-config="true" duration-ms="0" started-at="2017-02-05T10:57:15Z" finished-at="2017-02-05T10:57:15Z">
          <reporter-output>
          </reporter-output>
        </test-method> <!-- afterMethod -->
        <test-method status="PASS" signature="beforeMethod()[pri:0, instance:com.epam.catalog.dao.DiskDAOTest@56f4468b]" name="beforeMethod" is-config="true" duration-ms="0" started-at="2017-02-05T10:57:15Z" finished-at="2017-02-05T10:57:15Z">
          <reporter-output>
          </reporter-output>
        </test-method> <!-- beforeMethod -->
        <test-method status="PASS" signature="afterMethod()[pri:0, instance:com.epam.catalog.dao.DiskDAOTest@56f4468b]" name="afterMethod" is-config="true" duration-ms="0" started-at="2017-02-05T10:57:15Z" finished-at="2017-02-05T10:57:15Z">
          <reporter-output>
          </reporter-output>
        </test-method> <!-- afterMethod -->
        <test-method status="PASS" signature="findByGenreTest()[pri:0, instance:com.epam.catalog.dao.DiskDAOTest@56f4468b]" name="findByGenreTest" duration-ms="5" started-at="2017-02-05T10:57:15Z" finished-at="2017-02-05T10:57:15Z">
          <reporter-output>
          </reporter-output>
        </test-method> <!-- findByGenreTest -->
        <test-method status="PASS" signature="findByTextNegativeTest()[pri:0, instance:com.epam.catalog.dao.DiskDAOTest@56f4468b]" name="findByTextNegativeTest" duration-ms="5" started-at="2017-02-05T10:57:15Z" finished-at="2017-02-05T10:57:15Z">
          <reporter-output>
          </reporter-output>
        </test-method> <!-- findByTextNegativeTest -->
        <test-method status="PASS" signature="afterMethod()[pri:0, instance:com.epam.catalog.dao.DiskDAOTest@56f4468b]" name="afterMethod" is-config="true" duration-ms="0" started-at="2017-02-05T10:57:15Z" finished-at="2017-02-05T10:57:15Z">
          <reporter-output>
          </reporter-output>
        </test-method> <!-- afterMethod -->
        <test-method status="PASS" signature="beforeMethod()[pri:0, instance:com.epam.catalog.dao.DiskDAOTest@56f4468b]" name="beforeMethod" is-config="true" duration-ms="0" started-at="2017-02-05T10:57:15Z" finished-at="2017-02-05T10:57:15Z">
          <reporter-output>
          </reporter-output>
        </test-method> <!-- beforeMethod -->
        <test-method status="PASS" signature="afterMethod()[pri:0, instance:com.epam.catalog.dao.DiskDAOTest@56f4468b]" name="afterMethod" is-config="true" duration-ms="0" started-at="2017-02-05T10:57:15Z" finished-at="2017-02-05T10:57:15Z">
          <reporter-output>
          </reporter-output>
        </test-method> <!-- afterMethod -->
        <test-method status="PASS" signature="beforeMethod()[pri:0, instance:com.epam.catalog.dao.DiskDAOTest@56f4468b]" name="beforeMethod" is-config="true" duration-ms="1" started-at="2017-02-05T10:57:15Z" finished-at="2017-02-05T10:57:15Z">
          <reporter-output>
          </reporter-output>
        </test-method> <!-- beforeMethod -->
        <test-method status="PASS" signature="findByTextTest()[pri:0, instance:com.epam.catalog.dao.DiskDAOTest@56f4468b]" name="findByTextTest" duration-ms="4" started-at="2017-02-05T10:57:15Z" finished-at="2017-02-05T10:57:15Z">
          <reporter-output>
          </reporter-output>
        </test-method> <!-- findByTextTest -->
        <test-method status="PASS" signature="afterMethod()[pri:0, instance:com.epam.catalog.dao.DiskDAOTest@56f4468b]" name="afterMethod" is-config="true" duration-ms="0" started-at="2017-02-05T10:57:15Z" finished-at="2017-02-05T10:57:15Z">
          <reporter-output>
          </reporter-output>
        </test-method> <!-- afterMethod -->
        <test-method status="PASS" signature="findByTitleNegativeTest()[pri:0, instance:com.epam.catalog.dao.DiskDAOTest@56f4468b]" name="findByTitleNegativeTest" duration-ms="4" started-at="2017-02-05T10:57:15Z" finished-at="2017-02-05T10:57:15Z">
          <reporter-output>
          </reporter-output>
        </test-method> <!-- findByTitleNegativeTest -->
        <test-method status="PASS" signature="beforeMethod()[pri:0, instance:com.epam.catalog.dao.DiskDAOTest@56f4468b]" name="beforeMethod" is-config="true" duration-ms="0" started-at="2017-02-05T10:57:15Z" finished-at="2017-02-05T10:57:15Z">
          <reporter-output>
          </reporter-output>
        </test-method> <!-- beforeMethod -->
        <test-method status="PASS" signature="beforeMethod()[pri:0, instance:com.epam.catalog.dao.DiskDAOTest@56f4468b]" name="beforeMethod" is-config="true" duration-ms="0" started-at="2017-02-05T10:57:15Z" finished-at="2017-02-05T10:57:15Z">
          <reporter-output>
          </reporter-output>
        </test-method> <!-- beforeMethod -->
        <test-method status="PASS" signature="findByTitleTest()[pri:0, instance:com.epam.catalog.dao.DiskDAOTest@56f4468b]" name="findByTitleTest" duration-ms="5" started-at="2017-02-05T10:57:15Z" finished-at="2017-02-05T10:57:15Z">
          <reporter-output>
          </reporter-output>
        </test-method> <!-- findByTitleTest -->
        <test-method status="PASS" signature="afterMethod()[pri:0, instance:com.epam.catalog.dao.DiskDAOTest@56f4468b]" name="afterMethod" is-config="true" duration-ms="0" started-at="2017-02-05T10:57:15Z" finished-at="2017-02-05T10:57:15Z">
          <reporter-output>
          </reporter-output>
        </test-method> <!-- afterMethod -->
        <test-method status="PASS" signature="findByYearNegativeTest()[pri:0, instance:com.epam.catalog.dao.DiskDAOTest@56f4468b]" name="findByYearNegativeTest" duration-ms="5" started-at="2017-02-05T10:57:16Z" finished-at="2017-02-05T10:57:16Z">
          <reporter-output>
          </reporter-output>
        </test-method> <!-- findByYearNegativeTest -->
        <test-method status="PASS" signature="afterMethod()[pri:0, instance:com.epam.catalog.dao.DiskDAOTest@56f4468b]" name="afterMethod" is-config="true" duration-ms="0" started-at="2017-02-05T10:57:16Z" finished-at="2017-02-05T10:57:16Z">
          <reporter-output>
          </reporter-output>
        </test-method> <!-- afterMethod -->
        <test-method status="PASS" signature="beforeMethod()[pri:0, instance:com.epam.catalog.dao.DiskDAOTest@56f4468b]" name="beforeMethod" is-config="true" duration-ms="0" started-at="2017-02-05T10:57:16Z" finished-at="2017-02-05T10:57:16Z">
          <reporter-output>
          </reporter-output>
        </test-method> <!-- beforeMethod -->
        <test-method status="PASS" signature="afterMethod()[pri:0, instance:com.epam.catalog.dao.DiskDAOTest@56f4468b]" name="afterMethod" is-config="true" duration-ms="0" started-at="2017-02-05T10:57:16Z" finished-at="2017-02-05T10:57:16Z">
          <reporter-output>
          </reporter-output>
        </test-method> <!-- afterMethod -->
        <test-method status="PASS" signature="beforeMethod()[pri:0, instance:com.epam.catalog.dao.DiskDAOTest@56f4468b]" name="beforeMethod" is-config="true" duration-ms="0" started-at="2017-02-05T10:57:16Z" finished-at="2017-02-05T10:57:16Z">
          <reporter-output>
          </reporter-output>
        </test-method> <!-- beforeMethod -->
        <test-method status="PASS" signature="findByYearTest()[pri:0, instance:com.epam.catalog.dao.DiskDAOTest@56f4468b]" name="findByYearTest" duration-ms="5" started-at="2017-02-05T10:57:16Z" finished-at="2017-02-05T10:57:16Z">
          <reporter-output>
          </reporter-output>
        </test-method> <!-- findByYearTest -->
        <test-method status="PASS" signature="afterMethod()[pri:0, instance:com.epam.catalog.dao.DiskDAOTest@56f4468b]" name="afterMethod" is-config="true" duration-ms="0" started-at="2017-02-05T10:57:16Z" finished-at="2017-02-05T10:57:16Z">
          <reporter-output>
          </reporter-output>
        </test-method> <!-- afterMethod -->
        <test-method status="PASS" signature="afterClass()[pri:0, instance:com.epam.catalog.dao.DiskDAOTest@56f4468b]" name="afterClass" is-config="true" duration-ms="46" started-at="2017-02-05T10:57:16Z" finished-at="2017-02-05T10:57:16Z">
          <reporter-output>
          </reporter-output>
        </test-method> <!-- afterClass -->
      </class> <!-- com.epam.catalog.dao.DiskDAOTest -->
    </test> <!-- Default test -->
  </suite> <!-- Default suite -->
</testng-results>
